ERROR 2022-12-14 18:15:33,142 views 98439 123145462546432 You don't have the permission for this part
ERROR 2022-12-14 18:50:41,137 views 98831 123145572847616 The user is from team_gestion
ERROR 2022-12-14 18:50:41,160 views 98831 123145572847616 The user is from team_gestion
ERROR 2022-12-14 18:52:34,082 views 98831 123145572847616 The user is from team_support
ERROR 2022-12-14 18:52:34,101 views 98831 123145572847616 The user is from team_support
ERROR 2022-12-14 18:53:09,862 views 98831 123145572847616 The user is from team_support
ERROR 2022-12-14 18:53:09,882 views 98831 123145572847616 The user is from team_support
ERROR 2022-12-14 18:53:11,662 views 98831 123145572847616 The user has no rights for create some Events
ERROR 2022-12-14 21:00:33,258 views 98831 123145572847616 User has no rights here
ERROR 2022-12-14 21:01:29,638 views 98831 123145572847616 The user is from team_support
ERROR 2022-12-14 21:01:29,658 views 98831 123145572847616 The user is from team_support
ERROR 2022-12-14 21:02:45,545 views 98831 123145623216128 The user is from team_gestion
ERROR 2022-12-14 21:02:45,561 views 98831 123145623216128 The user is from team_gestion
ERROR 2022-12-14 21:02:55,475 views 98831 123145623216128 The user is from team_gestion
ERROR 2022-12-14 21:02:55,490 views 98831 123145623216128 The user is from team_gestion
ERROR 2022-12-14 21:03:03,123 views 98831 123145623216128 The user is from team_gestion
ERROR 2022-12-14 21:03:03,139 views 98831 123145623216128 The user is from team_gestion
ERROR 2022-12-14 21:03:25,848 views 98831 123145623216128 The user has no rights for create some Events
ERROR 2022-12-14 21:04:15,442 views 98831 123145623216128 The user is from team_gestion or team_sales
ERROR 2022-12-14 21:04:18,645 views 98831 123145623216128 The user is from team_gestion
ERROR 2022-12-14 21:04:18,662 views 98831 123145623216128 The user is from team_gestion
ERROR 2022-12-14 21:04:46,090 views 98831 123145623216128 The user has no rights for create some Events
ERROR 2022-12-14 21:05:44,533 views 98831 123145623216128 The user has no rights for create some Events
ERROR 2022-12-14 21:07:40,216 views 99485 123145599246336 The user has no rights for create some Events
ERROR 2022-12-14 21:09:13,209 views 99485 123145599246336 The user has no rights for create some Events
ERROR 2022-12-14 21:09:38,695 views 99522 123145599401984 The user has no rights for create some Events
ERROR 2022-12-14 21:09:52,595 views 99767 123145558298624 The user has no rights for create some Events
ERROR 2022-12-14 21:10:10,159 views 1680 123145398501376 The user has no rights for create some Events
ERROR 2022-12-14 21:10:12,850 views 1680 123145398501376 The user has no rights for create some Events
ERROR 2022-12-14 21:11:33,955 views 1711 123145386352640 The user has no rights for create some Events
ERROR 2022-12-14 21:11:36,872 views 1711 123145386352640 The user has no rights for create some Events
ERROR 2022-12-14 21:11:52,905 views 1720 123145477144576 The user has no rights for create some Events
ERROR 2022-12-14 21:12:01,302 views 1727 123145545621504 The user has no rights for create some Events
ERROR 2022-12-14 21:13:36,132 views 1747 123145430757376 The user has no rights for create some Events
ERROR 2022-12-14 21:13:50,489 views 1766 123145477705728 The user has no rights for create some Events
ERROR 2022-12-14 21:14:17,949 views 1777 123145566588928 The user has no rights for create some Events
ERROR 2022-12-14 21:14:27,876 views 1777 123145566588928 The user has no rights for create some Events
ERROR 2022-12-14 21:14:31,055 views 1777 123145566588928 The user has no rights for create some Events
ERROR 2022-12-14 21:14:40,491 views 1791 123145600008192 The user has no rights for create some Events
ERROR 2022-12-14 21:14:56,934 views 1814 123145422135296 The user has no rights for create some Events
ERROR 2022-12-14 21:15:12,401 views 1823 123145420931072 The user has no rights for create some Events
ERROR 2022-12-14 21:16:23,512 views 1841 123145400049664 The user has no rights for create some Events
ERROR 2022-12-14 21:18:36,567 views 1841 123145400049664 The user has no rights for create some Events
ERROR 2022-12-14 21:41:27,223 views 1987 123145554092032 The user has no rights for create some Events
ERROR 2022-12-14 21:59:59,037 views 1987 123145554092032 The user is from team_gestion
ERROR 2022-12-14 21:59:59,058 views 1987 123145554092032 The user is from team_gestion
ERROR 2022-12-14 21:59:59,701 views 1987 123145554092032 The user is from team_gestion
ERROR 2022-12-14 21:59:59,720 views 1987 123145554092032 The user is from team_gestion
ERROR 2022-12-14 22:00:01,405 views 1987 123145554092032 The user is from team_gestion
ERROR 2022-12-14 22:00:01,426 views 1987 123145554092032 The user is from team_gestion
ERROR 2022-12-14 22:00:01,595 views 1987 123145554092032 The user is from team_gestion
ERROR 2022-12-14 22:00:01,615 views 1987 123145554092032 The user is from team_gestion
ERROR 2022-12-14 22:00:01,802 views 1987 123145554092032 The user is from team_gestion
ERROR 2022-12-14 22:00:01,821 views 1987 123145554092032 The user is from team_gestion
ERROR 2022-12-14 22:00:11,410 views 1987 123145554092032 The user is from team_sales
ERROR 2022-12-14 22:00:11,428 views 1987 123145554092032 The user is from team_sales
ERROR 2022-12-14 22:01:35,610 views 2195 123145466011648 The user is from team_gestion
ERROR 2022-12-14 22:01:35,645 views 2195 123145466011648 The user is from team_gestion
ERROR 2022-12-14 22:01:47,826 views 2195 123145466011648 The user is from team_gestion
ERROR 2022-12-14 22:01:47,844 views 2195 123145466011648 The user is from team_gestion
ERROR 2022-12-14 22:02:11,714 views 2195 123145466011648 The user has no rights for create some Events
ERROR 2022-12-14 22:02:34,897 views 2213 123145589436416 The user has no rights for create some Events
ERROR 2022-12-14 22:03:51,869 views 2232 123145347088384 The user is from team_gestion
ERROR 2022-12-14 22:03:51,885 views 2232 123145347088384 The user is from team_gestion
ERROR 2022-12-14 22:04:17,685 views 2247 123145531432960 The user has no rights for create some Events
ERROR 2022-12-14 22:04:25,377 views 2247 123145531432960 The user has no rights for create some Events
ERROR 2022-12-14 22:04:41,656 views 2264 123145487282176 The user has no rights for create some Events
ERROR 2022-12-14 22:04:59,708 views 2264 123145487282176 The user is from team_gestion
ERROR 2022-12-14 22:04:59,729 views 2264 123145487282176 The user is from team_gestion
ERROR 2022-12-14 22:05:01,994 views 2264 123145487282176 The user is from team_gestion
ERROR 2022-12-14 22:05:02,013 views 2264 123145487282176 The user is from team_gestion
ERROR 2022-12-14 22:05:03,140 views 2264 123145487282176 The user is from team_gestion
ERROR 2022-12-14 22:05:03,154 views 2264 123145487282176 The user is from team_gestion
ERROR 2022-12-14 22:05:03,782 views 2264 123145487282176 The user is from team_gestion
ERROR 2022-12-14 22:05:03,798 views 2264 123145487282176 The user is from team_gestion
ERROR 2022-12-14 22:05:11,478 views 2264 123145487282176 The user is from team_gestion
ERROR 2022-12-14 22:05:11,494 views 2264 123145487282176 The user is from team_gestion
ERROR 2022-12-14 22:06:06,948 views 2264 123145487282176 The user has no rights for create some Events
ERROR 2022-12-14 22:07:11,937 views 2293 123145584922624 The user is from team_gestion or team_sales
ERROR 2022-12-14 22:08:51,818 views 2316 123145461567488 The user has no rights for create some Events
ERROR 2022-12-14 22:08:56,667 views 2316 123145461567488 The user has no rights for create some Events
ERROR 2022-12-14 22:09:24,724 views 2332 123145553072128 The user has no rights for create some Events
ERROR 2022-12-14 22:10:31,705 views 2359 123145490526208 The user has no rights for create some Events
ERROR 2022-12-14 22:10:36,090 views 2359 123145490526208 The user is from team_gestion
ERROR 2022-12-14 22:10:36,109 views 2359 123145490526208 The user is from team_gestion
ERROR 2022-12-14 22:10:36,933 views 2359 123145490526208 The user is from team_gestion
ERROR 2022-12-14 22:10:36,952 views 2359 123145490526208 The user is from team_gestion
ERROR 2022-12-14 22:11:05,655 views 2369 123145420062720 The user is from team_gestion
ERROR 2022-12-14 22:11:12,728 views 2369 123145420062720 The user is from team_gestion or team_support
ERROR 2022-12-14 22:11:17,317 views 2369 123145420062720 The user is from team_gestion
ERROR 2022-12-14 22:11:17,333 views 2369 123145420062720 The user is from team_gestion
ERROR 2022-12-14 22:13:24,459 views 2394 123145404878848 The user is from team_gestion or team_sales
ERROR 2022-12-14 22:13:31,247 views 2394 123145404878848 The user has no rights for create some Events
ERROR 2022-12-14 22:16:55,137 views 2438 123145539117056 The user has no rights for create some Events
ERROR 2022-12-14 22:17:09,614 views 2453 123145582891008 The user has no rights for create some Events
ERROR 2022-12-14 22:20:34,058 views 2491 123145366441984 The user has no rights for create some Events
ERROR 2022-12-14 22:20:37,072 views 2491 123145366441984 The user is from team_gestion
ERROR 2022-12-14 22:20:37,091 views 2491 123145366441984 The user is from team_gestion
ERROR 2022-12-14 22:22:25,820 views 2505 123145534914560 The user has no rights for create some Events
ERROR 2022-12-14 22:24:13,293 views 2540 123145554063360 The user has no rights for create some Events
ERROR 2022-12-14 22:25:53,100 views 2559 123145460776960 The user has no rights for create some Events
ERROR 2022-12-14 22:26:54,206 views 2559 123145460776960 The user is from team_sales
ERROR 2022-12-14 22:26:54,226 views 2559 123145460776960 The user is from team_sales
ERROR 2022-12-14 22:27:19,348 views 2559 123145460776960 The user is from team_gestion or team_sales
ERROR 2022-12-14 22:27:53,195 views 2578 123145485602816 The user is from team_gestion
ERROR 2022-12-14 22:27:53,220 views 2578 123145485602816 The user is from team_gestion
ERROR 2022-12-14 22:29:33,831 views 2578 123145485602816 The user is from team_gestion
ERROR 2022-12-14 22:29:33,847 views 2578 123145485602816 The user is from team_gestion
ERROR 2022-12-14 22:29:34,782 views 2578 123145485602816 The user is from team_gestion
ERROR 2022-12-14 22:29:34,800 views 2578 123145485602816 The user is from team_gestion
ERROR 2022-12-14 22:29:35,436 views 2578 123145485602816 The user is from team_gestion
ERROR 2022-12-14 22:29:35,456 views 2578 123145485602816 The user is from team_gestion
ERROR 2022-12-14 22:29:55,974 views 2578 123145485602816 The user is from team_gestion or team_sales
ERROR 2022-12-14 22:30:00,745 views 2578 123145485602816 The user is from team_gestion
ERROR 2022-12-14 22:30:00,762 views 2578 123145485602816 The user is from team_gestion
